<?xml version="1.0" encoding="UTF-8"?>
<testsuite xmlns:xsi="http://www.w3.org/2001/XMLSchema-instance" xsi:noNamespaceSchemaLocation="https://maven.apache.org/surefire/maven-surefire-plugin/xsd/surefire-test-report-3.0.xsd" version="3.0" name="com.example.bankapp.controller.AuthControllerTest" time="0.111" tests="1" errors="0" skipped="0" failures="0">
  <properties>
[...]
</properties>
  <testcase name="auth" classname="com.example.bankapp.controller.AuthControllerTest" time="0.105">
    <system-out><![CDATA[2023-12-06T22:40:32.516+01:00  INFO 26628 --- [           main] t.c.s.AnnotationConfigContextLoaderUtils : Could not detect default configuration classes for test class [com.example.bankapp.controller.AuthControllerTest]: AuthControllerTest does not declare any static, non-private, non-final, nested classes annotated with @Configuration.
2023-12-06T22:40:32.518+01:00  INFO 26628 --- [           main] .b.t.c.SpringBootTestContextBootstrapper : Found @SpringBootConfiguration com.example.BankAppApplication for test class com.example.bankapp.controller.AuthControllerTest
2023-12-06T22:40:32.548+01:00  INFO 26628 --- [           main] c.example.bankapp.aspect.LoggingAspect   : NEW REQUEST:
IP : 127.0.0.1
URL : http://localhost/auth
HTTP_METHOD : POST
CONTROLLER_METHOD : com.example.bankapp.controller.AuthController.auth
2023-12-06T22:40:32.548+01:00  INFO 26628 --- [           main] c.example.bankapp.aspect.LoggingAspect   : RUN SERVICE:
SERVICE_METHOD : com.example.bankapp.service.impl.UserServiceImpl.findByEmailAndPassword
2023-12-06T22:40:32.607+01:00  INFO 26628 --- [           main] c.example.bankapp.aspect.LoggingAspect   : 
Return value: <200 OK OK,eyJhbGciOiJIUzI1NiJ9.eyJzdWIiOiJqb2huQGV4YW1wbGUuY29tIiwiZXhwIjoxNzAxODk5NzMyfQ._gkdGlO1zUIciLr3zfhIyVQ6_WEcTfQKaNw55-NXrBE,[]>
END OF REQUEST
]]></system-out>
  </testcase>
</testsuite>